<?xml version="1.0" encoding="UTF-8"?>
<!-- Generated by org.testng.reporters.JUnitReportReporter -->
<testsuite skipped="0" hostname="Nareddy" name="com.erp.customer_scripts.CreateCustomer" tests="1" failures="0" timestamp="2020-06-05T17:25:53 IST" time="16.617" errors="0">
  <testcase name="testCreateCustomer" time="16.617" classname="com.erp.customer_scripts.CreateCustomer"/>
  <system-out/>
</testsuite> <!-- com.erp.customer_scripts.CreateCustomer -->
