<?xml version="1.0" encoding="UTF-8"?>
<!-- Generated by org.testng.reporters.JUnitReportReporter -->
<testsuite skipped="0" hostname="Nareddy" name="com.erp.projects_scripts.CreateProject" tests="1" failures="0" timestamp="2020-06-05T17:25:53 IST" time="11.020" errors="0">
  <testcase name="testCreateProject" time="11.020" classname="com.erp.projects_scripts.CreateProject"/>
  <system-out/>
</testsuite> <!-- com.erp.projects_scripts.CreateProject -->
